{"endpoints":["POST /webhook/2fa - Receive Mailgun webhooks","GET /api/code/latest - Get latest 2FA code","GET /api/codes - List all codes","POST /api/code/:id/use - Mark code as used","GET /api/stats - Get statistics","GET /health - Health check"],"environment":"development","level":"info","message":"Webhook server started on port 3000","service":"WebhookServer","timestamp":"2025-07-10T02:32:13.690Z"}
{"level":"info","message":"Received webhook","recipient":"vendora@universalsync.ai","sender":"noreply@vinsolutions.com","service":"WebhookServer","subject":"Your VinSolutions verification code","timestamp":"2025-07-10T02:44:57.221Z"}
{"level":"info","message":"Extracting 2FA code from email","sender":"noreply@vinsolutions.com","service":"CodeExtractor","subject":"Your VinSolutions verification code","timestamp":"2025-07-10T02:44:57.222Z"}
{"confidence":0.95,"expiresAt":"2025-07-10T02:54:58.687Z","id":"df5a14ce-e040-4dca-acfe-f1c409314601","level":"info","message":"Stored 2FA code","platform":"vinsolutions","sender":"noreply@vinsolutions.com","service":"CodeStore","timestamp":"2025-07-10T02:44:58.688Z"}
{"codeId":"df5a14ce-e040-4dca-acfe-f1c409314601","confidence":0.95,"level":"info","message":"Successfully extracted and stored 2FA code","platform":"vinsolutions","reasoning":"AI successfully extracted verification code","service":"WebhookServer","timestamp":"2025-07-10T02:44:58.688Z"}
{"confidence":0.95,"id":"df5a14ce-e040-4dca-acfe-f1c409314601","level":"info","message":"Retrieved 2FA code","platform":"vinsolutions","service":"CodeStore","timestamp":"2025-07-10T02:45:13.164Z"}
{"confidence":0.95,"level":"info","message":"Code retrieved by agent","platform":"vinsolutions","service":"WebhookServer","timestamp":"2025-07-10T02:45:13.164Z"}
{"count":1,"level":"info","message":"Cleaned up expired codes","service":"CodeStore","timestamp":"2025-07-10T02:55:14.073Z"}
{"level":"info","message":"Received webhook","recipient":"vendora@universalsync.ai","sender":"test@example.com","service":"WebhookServer","subject":"Your verification code","timestamp":"2025-07-10T03:22:43.441Z"}
{"level":"info","message":"Extracting 2FA code from email","sender":"test@example.com","service":"CodeExtractor","subject":"Your verification code","timestamp":"2025-07-10T03:22:43.442Z"}
{"confidence":0.95,"expiresAt":"2025-07-10T03:32:44.812Z","id":"cca368c1-1099-4918-bd7b-65834f14f1fd","level":"info","message":"Stored 2FA code","platform":"unknown","sender":"test@example.com","service":"CodeStore","timestamp":"2025-07-10T03:22:44.812Z"}
{"codeId":"cca368c1-1099-4918-bd7b-65834f14f1fd","confidence":0.95,"level":"info","message":"Successfully extracted and stored 2FA code","platform":"unknown","reasoning":"AI successfully extracted verification code","service":"WebhookServer","timestamp":"2025-07-10T03:22:44.813Z"}
{"confidence":0.95,"id":"cca368c1-1099-4918-bd7b-65834f14f1fd","level":"info","message":"Retrieved 2FA code","platform":"unknown","service":"CodeStore","timestamp":"2025-07-10T03:22:53.227Z"}
{"confidence":0.95,"level":"info","message":"Code retrieved by agent","platform":"unknown","service":"WebhookServer","timestamp":"2025-07-10T03:22:53.227Z"}
{"count":1,"level":"info","message":"Cleaned up expired codes","service":"CodeStore","timestamp":"2025-07-10T03:33:27.094Z"}
{"endpoints":["POST /webhook/2fa - Receive Mailgun webhooks","GET /api/code/latest - Get latest 2FA code","GET /api/codes - List all codes","POST /api/code/:id/use - Mark code as used","GET /api/stats - Get statistics","GET /health - Health check"],"environment":"development","level":"info","message":"Webhook server started on port 3000","service":"WebhookServer","timestamp":"2025-07-10T12:46:44.540Z"}
{"level":"info","message":"Received webhook","recipient":"vendora@universalsync.ai","sender":"josh.copp@onekeel.ai","service":"WebhookServer","subject":"one time code","timestamp":"2025-07-10T12:47:32.093Z"}
{"level":"info","message":"Extracting 2FA code from email","sender":"josh.copp@onekeel.ai","service":"CodeExtractor","subject":"one time code","timestamp":"2025-07-10T12:47:32.094Z"}
{"confidence":0.95,"expiresAt":"2025-07-10T12:57:33.271Z","id":"53b44441-81ad-4892-af9a-00671c781643","level":"info","message":"Stored 2FA code","platform":"unknown","sender":"josh.copp@onekeel.ai","service":"CodeStore","timestamp":"2025-07-10T12:47:33.271Z"}
{"codeId":"53b44441-81ad-4892-af9a-00671c781643","confidence":0.95,"level":"info","message":"Successfully extracted and stored 2FA code","platform":"unknown","reasoning":"AI successfully extracted verification code","service":"WebhookServer","timestamp":"2025-07-10T12:47:33.272Z"}
{"confidence":0.95,"id":"53b44441-81ad-4892-af9a-00671c781643","level":"info","message":"Retrieved 2FA code","platform":"unknown","service":"CodeStore","timestamp":"2025-07-10T12:47:42.584Z"}
{"confidence":0.95,"level":"info","message":"Code retrieved by agent","platform":"unknown","service":"WebhookServer","timestamp":"2025-07-10T12:47:42.585Z"}
{"count":1,"level":"info","message":"Cleaned up expired codes","service":"CodeStore","timestamp":"2025-07-10T12:57:44.760Z"}
{"endpoints":["POST /webhook/2fa - Receive Mailgun webhooks","GET /api/code/latest - Get latest 2FA code","GET /api/codes - List all codes","POST /api/code/:id/use - Mark code as used","GET /api/stats - Get statistics","GET /health - Health check"],"environment":"development","level":"info","message":"Webhook server started on port 3000","service":"WebhookServer","timestamp":"2025-07-10T13:42:15.577Z"}
{"level":"info","message":"Received webhook","recipient":"vendora@universalsync.ai","sender":"external@test.com","service":"WebhookServer","subject":"External test","timestamp":"2025-07-10T13:43:02.721Z"}
{"level":"info","message":"Extracting 2FA code from email","sender":"external@test.com","service":"CodeExtractor","subject":"External test","timestamp":"2025-07-10T13:43:02.722Z"}
{"confidence":0.95,"expiresAt":"2025-07-10T13:53:04.123Z","id":"c5f304fd-3f0b-4c5c-b129-9f72fe4bf91f","level":"info","message":"Stored 2FA code","platform":"unknown","sender":"external@test.com","service":"CodeStore","timestamp":"2025-07-10T13:43:04.123Z"}
{"codeId":"c5f304fd-3f0b-4c5c-b129-9f72fe4bf91f","confidence":0.95,"level":"info","message":"Successfully extracted and stored 2FA code","platform":"unknown","reasoning":"AI successfully extracted verification code","service":"WebhookServer","timestamp":"2025-07-10T13:43:04.124Z"}
{"level":"info","message":"Received webhook","recipient":"vendora@universalsync.ai","sender":"josh.copp@onekeel.ai","service":"WebhookServer","subject":"one-time-code","timestamp":"2025-07-10T13:51:47.384Z"}
{"level":"info","message":"Extracting 2FA code from email","sender":"josh.copp@onekeel.ai","service":"CodeExtractor","subject":"one-time-code","timestamp":"2025-07-10T13:51:47.385Z"}
{"confidence":0.95,"expiresAt":"2025-07-10T14:01:49.151Z","id":"d1df787f-6212-4011-b61a-47fd9e70a6b3","level":"info","message":"Stored 2FA code","platform":"unknown","sender":"josh.copp@onekeel.ai","service":"CodeStore","timestamp":"2025-07-10T13:51:49.151Z"}
{"codeId":"d1df787f-6212-4011-b61a-47fd9e70a6b3","confidence":0.95,"level":"info","message":"Successfully extracted and stored 2FA code","platform":"unknown","reasoning":"AI successfully extracted verification code","service":"WebhookServer","timestamp":"2025-07-10T13:51:49.152Z"}
{"confidence":0.95,"id":"d1df787f-6212-4011-b61a-47fd9e70a6b3","level":"info","message":"Retrieved 2FA code","platform":"unknown","service":"CodeStore","timestamp":"2025-07-10T13:52:09.596Z"}
{"confidence":0.95,"level":"info","message":"Code retrieved by agent","platform":"unknown","service":"WebhookServer","timestamp":"2025-07-10T13:52:09.596Z"}
{"count":1,"level":"info","message":"Cleaned up expired codes","service":"CodeStore","timestamp":"2025-07-10T13:53:15.794Z"}
{"level":"info","message":"Received webhook","recipient":"vendora@universalsync.ai","sender":"bounces+15731749-d441-vendora=universalsync.ai@mail.signin.coxautoinc.com","service":"WebhookServer","subject":"Confirm your email address","timestamp":"2025-07-10T14:00:38.850Z"}
{"level":"info","message":"Extracting 2FA code from email","sender":"bounces+15731749-d441-vendora=universalsync.ai@mail.signin.coxautoinc.com","service":"CodeExtractor","subject":"Confirm your email address","timestamp":"2025-07-10T14:00:38.850Z"}
{"confidence":0.95,"expiresAt":"2025-07-10T14:10:42.595Z","id":"79e847ed-8db0-4f68-804e-a25a2b3b1785","level":"info","message":"Stored 2FA code","platform":"vinsolutions","sender":"bounces+15731749-d441-vendora=universalsync.ai@mail.signin.coxautoinc.com","service":"CodeStore","timestamp":"2025-07-10T14:00:42.595Z"}
{"codeId":"79e847ed-8db0-4f68-804e-a25a2b3b1785","confidence":0.95,"level":"info","message":"Successfully extracted and stored 2FA code","platform":"vinsolutions","reasoning":"AI successfully extracted verification code","service":"WebhookServer","timestamp":"2025-07-10T14:00:42.596Z"}
{"level":"info","message":"Received webhook","recipient":"vendora@universalsync.ai","sender":"bounces+15731749-d441-vendora=universalsync.ai@mail.signin.coxautoinc.com","service":"WebhookServer","subject":"Confirm your email address","timestamp":"2025-07-10T14:01:34.209Z"}
{"level":"info","message":"Extracting 2FA code from email","sender":"bounces+15731749-d441-vendora=universalsync.ai@mail.signin.coxautoinc.com","service":"CodeExtractor","subject":"Confirm your email address","timestamp":"2025-07-10T14:01:34.209Z"}
{"confidence":0.95,"expiresAt":"2025-07-10T14:11:36.372Z","id":"8b450528-d7de-443b-b783-96d9ebfc5a22","level":"info","message":"Stored 2FA code","platform":"vinsolutions","sender":"bounces+15731749-d441-vendora=universalsync.ai@mail.signin.coxautoinc.com","service":"CodeStore","timestamp":"2025-07-10T14:01:36.372Z"}
{"codeId":"8b450528-d7de-443b-b783-96d9ebfc5a22","confidence":0.95,"level":"info","message":"Successfully extracted and stored 2FA code","platform":"vinsolutions","reasoning":"AI successfully extracted verification code","service":"WebhookServer","timestamp":"2025-07-10T14:01:36.372Z"}
{"level":"info","message":"Received webhook","recipient":"vendora@universalsync.ai","sender":"bounces+15731749-d441-vendora=universalsync.ai@mail.signin.coxautoinc.com","service":"WebhookServer","subject":"Confirm your email address","timestamp":"2025-07-10T14:02:05.952Z"}
{"level":"info","message":"Extracting 2FA code from email","sender":"bounces+15731749-d441-vendora=universalsync.ai@mail.signin.coxautoinc.com","service":"CodeExtractor","subject":"Confirm your email address","timestamp":"2025-07-10T14:02:05.953Z"}
{"confidence":0.95,"expiresAt":"2025-07-10T14:12:07.992Z","id":"c807b87f-1128-4565-b724-fb96eba4248e","level":"info","message":"Stored 2FA code","platform":"vinsolutions","sender":"bounces+15731749-d441-vendora=universalsync.ai@mail.signin.coxautoinc.com","service":"CodeStore","timestamp":"2025-07-10T14:02:07.992Z"}
{"codeId":"c807b87f-1128-4565-b724-fb96eba4248e","confidence":0.95,"level":"info","message":"Successfully extracted and stored 2FA code","platform":"vinsolutions","reasoning":"AI successfully extracted verification code","service":"WebhookServer","timestamp":"2025-07-10T14:02:07.992Z"}
{"level":"info","message":"Received webhook","recipient":"vendora@universalsync.ai","sender":"bounces+15731749-d441-vendora=universalsync.ai@mail.signin.coxautoinc.com","service":"WebhookServer","subject":"Bridge ID Verification Factor Removed","timestamp":"2025-07-10T14:02:13.452Z"}
{"level":"info","message":"Extracting 2FA code from email","sender":"bounces+15731749-d441-vendora=universalsync.ai@mail.signin.coxautoinc.com","service":"CodeExtractor","subject":"Bridge ID Verification Factor Removed","timestamp":"2025-07-10T14:02:13.453Z"}
{"count":1,"level":"info","message":"Cleaned up expired codes","service":"CodeStore","timestamp":"2025-07-10T14:02:15.995Z"}
{"confidence":0.7,"expiresAt":"2025-07-10T14:12:17.612Z","id":"6bc0b8b5-d13a-433a-ab33-bd9672b098be","level":"info","message":"Stored 2FA code","platform":"vinsolutions","sender":"bounces+15731749-d441-vendora=universalsync.ai@mail.signin.coxautoinc.com","service":"CodeStore","timestamp":"2025-07-10T14:02:17.612Z"}
{"codeId":"6bc0b8b5-d13a-433a-ab33-bd9672b098be","confidence":0.7,"level":"info","message":"Successfully extracted and stored 2FA code","platform":"vinsolutions","reasoning":"AI extraction failed (confidence: 0.3), used regex fallback","service":"WebhookServer","timestamp":"2025-07-10T14:02:17.612Z"}
{"level":"info","message":"Received webhook","recipient":"vendora@universalsync.ai","sender":"bounces+15731749-d441-vendora=universalsync.ai@mail.signin.coxautoinc.com","service":"WebhookServer","subject":"Confirm your email address","timestamp":"2025-07-10T14:02:49.384Z"}
{"level":"info","message":"Extracting 2FA code from email","sender":"bounces+15731749-d441-vendora=universalsync.ai@mail.signin.coxautoinc.com","service":"CodeExtractor","subject":"Confirm your email address","timestamp":"2025-07-10T14:02:49.385Z"}
{"confidence":0.95,"expiresAt":"2025-07-10T14:12:50.949Z","id":"bd174ff3-f3f7-4cf6-9bfa-787ae8318666","level":"info","message":"Stored 2FA code","platform":"vinsolutions","sender":"bounces+15731749-d441-vendora=universalsync.ai@mail.signin.coxautoinc.com","service":"CodeStore","timestamp":"2025-07-10T14:02:50.949Z"}
{"codeId":"bd174ff3-f3f7-4cf6-9bfa-787ae8318666","confidence":0.95,"level":"info","message":"Successfully extracted and stored 2FA code","platform":"vinsolutions","reasoning":"AI successfully extracted verification code","service":"WebhookServer","timestamp":"2025-07-10T14:02:50.949Z"}
{"level":"info","message":"Received webhook","recipient":"vendora@universalsync.ai","sender":"bounces+15731749-d441-vendora=universalsync.ai@mail.signin.coxautoinc.com","service":"WebhookServer","subject":"Confirm your email address","timestamp":"2025-07-10T14:04:49.757Z"}
{"level":"info","message":"Extracting 2FA code from email","sender":"bounces+15731749-d441-vendora=universalsync.ai@mail.signin.coxautoinc.com","service":"CodeExtractor","subject":"Confirm your email address","timestamp":"2025-07-10T14:04:49.757Z"}
{"confidence":0.95,"expiresAt":"2025-07-10T14:14:54.038Z","id":"1a43a723-f16f-486e-a8ad-0e2bbfc161c7","level":"info","message":"Stored 2FA code","platform":"vinsolutions","sender":"bounces+15731749-d441-vendora=universalsync.ai@mail.signin.coxautoinc.com","service":"CodeStore","timestamp":"2025-07-10T14:04:54.038Z"}
{"codeId":"1a43a723-f16f-486e-a8ad-0e2bbfc161c7","confidence":0.95,"level":"info","message":"Successfully extracted and stored 2FA code","platform":"vinsolutions","reasoning":"AI successfully extracted verification code","service":"WebhookServer","timestamp":"2025-07-10T14:04:54.039Z"}
{"confidence":0.95,"id":"1a43a723-f16f-486e-a8ad-0e2bbfc161c7","level":"info","message":"Retrieved 2FA code","platform":"vinsolutions","service":"CodeStore","timestamp":"2025-07-10T14:04:59.890Z"}
{"confidence":0.95,"level":"info","message":"Code retrieved by agent","platform":"vinsolutions","service":"WebhookServer","timestamp":"2025-07-10T14:04:59.890Z"}
{"level":"info","message":"Received webhook","recipient":"vendora@universalsync.ai","sender":"bounces+15731749-d441-vendora=universalsync.ai@mail.signin.coxautoinc.com","service":"WebhookServer","subject":"Bridge ID Verification Factor Removed","timestamp":"2025-07-10T14:05:13.652Z"}
{"level":"info","message":"Extracting 2FA code from email","sender":"bounces+15731749-d441-vendora=universalsync.ai@mail.signin.coxautoinc.com","service":"CodeExtractor","subject":"Bridge ID Verification Factor Removed","timestamp":"2025-07-10T14:05:13.652Z"}
{"confidence":0.7,"expiresAt":"2025-07-10T14:15:19.615Z","id":"1ecfe8db-21f0-4e16-ab45-98908eebc358","level":"info","message":"Stored 2FA code","platform":"vinsolutions","sender":"bounces+15731749-d441-vendora=universalsync.ai@mail.signin.coxautoinc.com","service":"CodeStore","timestamp":"2025-07-10T14:05:19.615Z"}
{"codeId":"1ecfe8db-21f0-4e16-ab45-98908eebc358","confidence":0.7,"level":"info","message":"Successfully extracted and stored 2FA code","platform":"vinsolutions","reasoning":"AI extraction failed (confidence: 0.3), used regex fallback","service":"WebhookServer","timestamp":"2025-07-10T14:05:19.616Z"}
{"confidence":0.7,"id":"1ecfe8db-21f0-4e16-ab45-98908eebc358","level":"info","message":"Retrieved 2FA code","platform":"vinsolutions","service":"CodeStore","timestamp":"2025-07-10T14:06:14.905Z"}
{"confidence":0.7,"level":"info","message":"Code retrieved by agent","platform":"vinsolutions","service":"WebhookServer","timestamp":"2025-07-10T14:06:14.906Z"}
{"level":"info","message":"Received webhook","recipient":"vendora@universalsync.ai","sender":"bounces+15731749-d441-vendora=universalsync.ai@mail.signin.coxautoinc.com","service":"WebhookServer","subject":"Confirm your email address","timestamp":"2025-07-10T14:06:18.070Z"}
{"level":"info","message":"Extracting 2FA code from email","sender":"bounces+15731749-d441-vendora=universalsync.ai@mail.signin.coxautoinc.com","service":"CodeExtractor","subject":"Confirm your email address","timestamp":"2025-07-10T14:06:18.071Z"}
{"confidence":0.95,"expiresAt":"2025-07-10T14:16:20.458Z","id":"349c102a-0232-4d36-a721-2b08591a1b4d","level":"info","message":"Stored 2FA code","platform":"vinsolutions","sender":"bounces+15731749-d441-vendora=universalsync.ai@mail.signin.coxautoinc.com","service":"CodeStore","timestamp":"2025-07-10T14:06:20.458Z"}
{"codeId":"349c102a-0232-4d36-a721-2b08591a1b4d","confidence":0.95,"level":"info","message":"Successfully extracted and stored 2FA code","platform":"vinsolutions","reasoning":"AI successfully extracted verification code","service":"WebhookServer","timestamp":"2025-07-10T14:06:20.458Z"}
{"confidence":0.95,"id":"349c102a-0232-4d36-a721-2b08591a1b4d","level":"info","message":"Retrieved 2FA code","platform":"vinsolutions","service":"CodeStore","timestamp":"2025-07-10T14:06:38.021Z"}
{"confidence":0.95,"level":"info","message":"Code retrieved by agent","platform":"vinsolutions","service":"WebhookServer","timestamp":"2025-07-10T14:06:38.021Z"}
{"level":"info","message":"Received webhook","recipient":"vendora@universalsync.ai","sender":"bounces+15731749-d441-vendora=universalsync.ai@mail.signin.coxautoinc.com","service":"WebhookServer","subject":"Bridge ID Verification Factor Added","timestamp":"2025-07-10T14:06:52.281Z"}
{"level":"info","message":"Extracting 2FA code from email","sender":"bounces+15731749-d441-vendora=universalsync.ai@mail.signin.coxautoinc.com","service":"CodeExtractor","subject":"Bridge ID Verification Factor Added","timestamp":"2025-07-10T14:06:52.281Z"}
{"confidence":0.7,"expiresAt":"2025-07-10T14:16:54.142Z","id":"33b13737-e3f4-4045-8259-02776c4435d8","level":"info","message":"Stored 2FA code","platform":"vinsolutions","sender":"bounces+15731749-d441-vendora=universalsync.ai@mail.signin.coxautoinc.com","service":"CodeStore","timestamp":"2025-07-10T14:06:54.142Z"}
{"codeId":"33b13737-e3f4-4045-8259-02776c4435d8","confidence":0.7,"level":"info","message":"Successfully extracted and stored 2FA code","platform":"vinsolutions","reasoning":"AI extraction failed (confidence: 0.3), used regex fallback","service":"WebhookServer","timestamp":"2025-07-10T14:06:54.142Z"}
{"count":1,"level":"info","message":"Cleaned up expired codes","service":"CodeStore","timestamp":"2025-07-10T14:11:16.161Z"}
{"count":2,"level":"info","message":"Cleaned up expired codes","service":"CodeStore","timestamp":"2025-07-10T14:12:16.171Z"}
{"count":2,"level":"info","message":"Cleaned up expired codes","service":"CodeStore","timestamp":"2025-07-10T14:13:16.198Z"}
{"count":1,"level":"info","message":"Cleaned up expired codes","service":"CodeStore","timestamp":"2025-07-10T14:15:16.233Z"}
{"count":1,"level":"info","message":"Cleaned up expired codes","service":"CodeStore","timestamp":"2025-07-10T14:16:16.263Z"}
{"count":2,"level":"info","message":"Cleaned up expired codes","service":"CodeStore","timestamp":"2025-07-10T14:17:16.271Z"}
