{"timestamp":"2025-07-11T02:01:19.007Z","level":"error","context":"DemoVinSolutionsAgent","message":"Lead Source ROI extraction failed","error":"browserType.launch: Executable doesn't exist at /Users/copp1723/Library/Caches/ms-playwright/chromium-1181/chrome-mac/Chromium.app/Contents/MacOS/Chromium\n╔═════════════════════════════════════════════════════════════════════════╗\n║ Looks like Playwright Test or Playwright was just installed or updated. ║\n║ Please run the following command to download new browsers:              ║\n║                                                                         ║\n║     npx playwright install                                              ║\n║                                                                         ║\n║ <3 Playwright Team                                                      ║\n╚═════════════════════════════════════════════════════════════════════════╝","executionTime":325}
{"timestamp":"2025-07-11T02:03:12.799Z","level":"error","context":"DemoVinSolutionsAgent","message":"Lead Source ROI extraction failed","error":"page.waitForSelector: Timeout 15000ms exceeded.\nCall log:\n\u001b[2m  - waiting for locator('text=Lead Source ROI') to be visible\u001b[22m\n","executionTime":50663}
{"timestamp":"2025-07-11T02:07:10.522Z","level":"error","context":"DemoVinSolutionsAgent","message":"Lead Source ROI extraction failed","error":"page.waitForSelector: Timeout 15000ms exceeded.\nCall log:\n\u001b[2m  - waiting for locator('text=Lead Source ROI') to be visible\u001b[22m\n","executionTime":47215}
{"timestamp":"2025-07-11T02:13:08.562Z","level":"error","context":"DemoVinSolutionsAgent","message":"Lead Source ROI extraction failed","error":"page.waitForSelector: Timeout 15000ms exceeded.\nCall log:\n\u001b[2m  - waiting for locator('text=Lead Source ROI') to be visible\u001b[22m\n","executionTime":48124}
{"timestamp":"2025-07-11T02:19:53.554Z","level":"error","context":"DemoVinSolutionsAgent","message":"Lead Source ROI extraction failed","error":"page.waitForSelector: Timeout 15000ms exceeded.\nCall log:\n\u001b[2m  - waiting for locator('text=Lead Source ROI') to be visible\u001b[22m\n","executionTime":47893}
{"timestamp":"2025-07-11T02:31:30.518Z","level":"error","context":"DemoVinSolutionsAgent","message":"Lead Source ROI extraction failed","error":"page.waitForSelector: Timeout 15000ms exceeded.\nCall log:\n\u001b[2m  - waiting for locator('text=Lead Source ROI') to be visible\u001b[22m\n","executionTime":47850}
{"timestamp":"2025-07-11T03:15:03.758Z","level":"error","context":"DemoVinSolutionsAgent","message":"Lead Source ROI extraction failed","error":"page.waitForSelector: Timeout 15000ms exceeded.\nCall log:\n  - waiting for locator('text=Lead Source ROI') to be visible\n","executionTime":55545}
{"timestamp":"2025-07-11T03:22:22.513Z","level":"error","context":"DemoVinSolutionsAgent","message":"2FA handling failed","error":"page.waitForTimeout: Target page, context or browser has been closed"}
{"timestamp":"2025-07-11T03:22:22.514Z","level":"error","context":"DemoVinSolutionsAgent","message":"Lead Source ROI extraction failed","error":"page.waitForTimeout: Target page, context or browser has been closed","executionTime":52362}
{"timestamp":"2025-07-11T04:19:35.143Z","level":"error","context":"DemoVinSolutionsAgent","message":"Still on 2FA screen after all attempts"}
{"timestamp":"2025-07-11T04:19:35.186Z","level":"error","context":"DemoVinSolutionsAgent","message":"2FA handling failed","error":"Failed to complete 2FA process - still on authentication screen"}
{"timestamp":"2025-07-11T04:19:35.186Z","level":"error","context":"DemoVinSolutionsAgent","message":"Lead Source ROI extraction failed","error":"Failed to complete 2FA process - still on authentication screen","executionTime":53695}
{"timestamp":"2025-07-11T04:20:21.305Z","level":"error","context":"DemoVinSolutionsAgent","message":"2FA handling failed","error":"page.waitForTimeout: Target page, context or browser has been closed"}
{"timestamp":"2025-07-11T04:20:21.305Z","level":"error","context":"DemoVinSolutionsAgent","message":"Lead Source ROI extraction failed","error":"page.waitForTimeout: Target page, context or browser has been closed","executionTime":42430}
{"timestamp":"2025-07-11T04:29:43.543Z","level":"error","context":"DemoVinSolutionsAgent","message":"2FA handling failed","error":"page.waitForTimeout: Target page, context or browser has been closed"}
{"timestamp":"2025-07-11T04:29:43.543Z","level":"error","context":"DemoVinSolutionsAgent","message":"Lead Source ROI extraction failed","error":"page.waitForTimeout: Target page, context or browser has been closed","executionTime":48898}
{"timestamp":"2025-07-11T04:52:56.149Z","level":"error","context":"DemoVinSolutionsAgent","message":"Failed to retrieve 2FA code from webhook after all attempts"}
{"timestamp":"2025-07-11T04:52:56.279Z","level":"error","context":"DemoVinSolutionsAgent","message":"2FA handling failed","error":"Failed to retrieve 2FA code from webhook after multiple attempts"}
{"timestamp":"2025-07-11T04:52:56.280Z","level":"error","context":"DemoVinSolutionsAgent","message":"Lead Source ROI extraction failed","error":"Failed to retrieve 2FA code from webhook after multiple attempts","executionTime":80439}
{"timestamp":"2025-07-11T05:01:18.225Z","level":"error","context":"DemoVinSolutionsAgent","message":"Failed to retrieve 2FA code from webhook after all attempts"}
{"timestamp":"2025-07-11T05:01:18.337Z","level":"error","context":"DemoVinSolutionsAgent","message":"2FA handling failed","error":"Failed to retrieve 2FA code from webhook after multiple attempts"}
{"timestamp":"2025-07-11T05:01:18.337Z","level":"error","context":"DemoVinSolutionsAgent","message":"Lead Source ROI extraction failed","error":"Failed to retrieve 2FA code from webhook after multiple attempts","executionTime":73671}
{"timestamp":"2025-07-11T05:16:33.835Z","level":"error","context":"DemoVinSolutionsAgent","message":"Failed to retrieve 2FA code from webhook after all attempts"}
{"timestamp":"2025-07-11T05:16:34.111Z","level":"error","context":"DemoVinSolutionsAgent","message":"2FA handling failed","error":"Failed to retrieve 2FA code from webhook after multiple attempts"}
{"timestamp":"2025-07-11T05:16:34.111Z","level":"error","context":"DemoVinSolutionsAgent","message":"Lead Source ROI extraction failed","error":"Failed to retrieve 2FA code from webhook after multiple attempts","executionTime":76064}
{"timestamp":"2025-07-11T05:23:51.585Z","level":"error","context":"DemoVinSolutionsAgent","message":"Still on 2FA screen after all attempts"}
{"timestamp":"2025-07-11T05:23:51.632Z","level":"error","context":"DemoVinSolutionsAgent","message":"2FA handling failed","error":"Failed to complete 2FA process - still on authentication screen"}
{"timestamp":"2025-07-11T05:23:51.632Z","level":"error","context":"DemoVinSolutionsAgent","message":"Lead Source ROI extraction failed","error":"Failed to complete 2FA process - still on authentication screen","executionTime":68796}
{"timestamp":"2025-07-11T05:38:16.240Z","level":"error","context":"DemoVinSolutionsAgent","message":"Failed to retrieve 2FA code from webhook after all attempts"}
{"timestamp":"2025-07-11T05:38:16.388Z","level":"error","context":"DemoVinSolutionsAgent","message":"2FA handling failed","error":"Failed to retrieve 2FA code from webhook after multiple attempts"}
{"timestamp":"2025-07-11T05:38:16.388Z","level":"error","context":"DemoVinSolutionsAgent","message":"Lead Source ROI extraction failed","error":"Failed to retrieve 2FA code from webhook after multiple attempts","executionTime":75234}
{"timestamp":"2025-07-11T05:46:56.242Z","level":"error","context":"DemoVinSolutionsAgent","message":"Failed to retrieve 2FA code from webhook after all attempts"}
{"timestamp":"2025-07-11T05:46:57.646Z","level":"error","context":"DemoVinSolutionsAgent","message":"2FA handling failed","error":"Failed to retrieve 2FA code from webhook after multiple attempts"}
{"timestamp":"2025-07-11T05:46:57.649Z","level":"error","context":"DemoVinSolutionsAgent","message":"Lead Source ROI extraction failed","error":"Failed to retrieve 2FA code from webhook after multiple attempts","executionTime":81762}
{"timestamp":"2025-07-11T14:10:55.502Z","level":"error","context":"DemoVinSolutionsAgent","message":"Lead Source ROI extraction failed","error":"page.waitForSelector: Timeout 15000ms exceeded.\nCall log:\n\u001b[2m  - waiting for locator('text=Lead Source ROI') to be visible\u001b[22m\n","executionTime":98455}
{"timestamp":"2025-07-11T14:47:25.567Z","level":"error","context":"DemoVinSolutionsAgent","message":"All selector strategies failed for \"Lead Source ROI\"","primaryError":"locator.waitFor: Timeout 15000ms exceeded.\nCall log:\n\u001b[2m  - waiting for getByRole('link', { name: 'Lead Source ROI' }) to be visible\u001b[22m\n","fallbackError":"locator.waitFor: Timeout 10000ms exceeded.\nCall log:\n\u001b[2m  - waiting for locator('a[href*=\"Lead%20Source%20ROI\"]') to be visible\u001b[22m\n","finalError":"locator.waitFor: Timeout 10000ms exceeded.\nCall log:\n\u001b[2m  - waiting for getByRole('link', { name: /Lead|Source|ROI/i }) to be visible\u001b[22m\n"}
{"timestamp":"2025-07-11T14:47:25.571Z","level":"error","context":"DemoVinSolutionsAgent","message":"Lead Source ROI extraction failed","error":"Could not find report \"Lead Source ROI\" in Favorites after trying all strategies. Make sure the report is saved in your Favorites tab.","executionTime":116970}
{"timestamp":"2025-07-11T16:24:29.140Z","level":"error","context":"DemoVinSolutionsAgent","message":"All selector strategies failed for \"Lead Source ROI\"","primaryError":"locator.waitFor: Timeout 15000ms exceeded.\nCall log:\n\u001b[2m  - waiting for getByRole('link', { name: 'Lead Source ROI' }) to be visible\u001b[22m\n","fallbackError":"locator.waitFor: Timeout 10000ms exceeded.\nCall log:\n\u001b[2m  - waiting for locator('a[href*=\"Lead%20Source%20ROI\"]') to be visible\u001b[22m\n","finalError":"locator.waitFor: Timeout 10000ms exceeded.\nCall log:\n\u001b[2m  - waiting for getByRole('link', { name: /Lead|Source|ROI/i }) to be visible\u001b[22m\n"}
{"timestamp":"2025-07-11T16:24:29.143Z","level":"error","context":"DemoVinSolutionsAgent","message":"Lead Source ROI extraction failed","error":"Could not find report \"Lead Source ROI\" in Favorites after trying all strategies. Make sure the report is saved in your Favorites tab.","executionTime":120722}
{"timestamp":"2025-07-28T18:24:02.989Z","level":"error","context":"EmailService","message":"Failed to initialize email service","error":"Invalid login: 535-5.7.8 Username and Password not accepted. For more information, go to\n535 5.7.8  https://support.google.com/mail/?p=BadCredentials 586e51a60fabf-30712a71ffdsm1745637fac.0 - gsmtp"}
{"timestamp":"2025-07-28T18:24:02.992Z","level":"error","context":"CompleteVinSolutionsAgent","message":"Failed to initialize agent","error":"Invalid login: 535-5.7.8 Username and Password not accepted. For more information, go to\n535 5.7.8  https://support.google.com/mail/?p=BadCredentials 586e51a60fabf-30712a71ffdsm1745637fac.0 - gsmtp"}
{"timestamp":"2025-07-28T18:26:49.477Z","level":"error","context":"EmailService","message":"Failed to initialize email service","error":"Invalid login: 535-5.7.8 Username and Password not accepted. For more information, go to\n535 5.7.8  https://support.google.com/mail/?p=BadCredentials 006d021491bc7-61913f9e047sm994082eaf.13 - gsmtp"}
{"timestamp":"2025-07-28T18:26:49.479Z","level":"error","context":"CompleteVinSolutionsAgent","message":"Failed to initialize agent","error":"Invalid login: 535-5.7.8 Username and Password not accepted. For more information, go to\n535 5.7.8  https://support.google.com/mail/?p=BadCredentials 006d021491bc7-61913f9e047sm994082eaf.13 - gsmtp"}
{"timestamp":"2025-07-28T18:27:49.331Z","level":"error","context":"DemoVinSolutionsAgent","message":"Lead Source ROI extraction failed","error":"page.waitForTimeout: Target page, context or browser has been closed","executionTime":22126}
{"timestamp":"2025-07-28T18:30:44.366Z","level":"error","context":"DemoVinSolutionsAgent","message":"Failed to retrieve 2FA code from webhook after all attempts"}
{"timestamp":"2025-07-28T18:30:44.418Z","level":"error","context":"DemoVinSolutionsAgent","message":"2FA handling failed","error":"Failed to retrieve 2FA code from webhook after multiple attempts"}
{"timestamp":"2025-07-28T18:30:44.418Z","level":"error","context":"DemoVinSolutionsAgent","message":"Lead Source ROI extraction failed","error":"Failed to retrieve 2FA code from webhook after multiple attempts","executionTime":71185}
